<?xml version="1.0" encoding="UTF-8"?>
<!-- Generated by org.testng.reporters.JUnitXMLReporter -->
<testsuite hostname="DESKTOP-HRP830N" ignored="0" name="Default test" tests="2" failures="0" timestamp="29 Apr 2019 11:45:03 GMT" time="0.085" errors="0">
  <testcase name="whenUpdatingEvent_ItemGetsInsertedCorrectly" time="0.053" classname="dashboard.EventRepositoryTest"/>
  <testcase name="whenUpdatingEvent_ListUpdatesCorrectly" time="0.016" classname="dashboard.EventRepositoryTest"/>
</testsuite> <!-- Default test -->
