<?xml version="1.0" encoding="UTF-8"?>
<testng-results skipped="0" failed="0" ignored="0" total="2" passed="2">
  <reporter-output>
  </reporter-output>
  <suite name="Default suite" duration-ms="85" started-at="2019-04-29T11:45:02Z" finished-at="2019-04-29T11:45:03Z">
    <groups>
    </groups>
    <test name="Default test" duration-ms="85" started-at="2019-04-29T11:45:02Z" finished-at="2019-04-29T11:45:03Z">
      <class name="dashboard.EventRepositoryTest">
        <test-method status="PASS" signature="whenUpdatingEvent_ItemGetsInsertedCorrectly()[pri:0, instance:dashboard.EventRepositoryTest@cb644e]" name="whenUpdatingEvent_ItemGetsInsertedCorrectly" duration-ms="53" started-at="2019-04-29T11:45:03Z" finished-at="2019-04-29T11:45:03Z">
          <reporter-output>
          </reporter-output>
        </test-method> <!-- whenUpdatingEvent_ItemGetsInsertedCorrectly -->
        <test-method status="PASS" signature="whenUpdatingEvent_ListUpdatesCorrectly()[pri:0, instance:dashboard.EventRepositoryTest@cb644e]" name="whenUpdatingEvent_ListUpdatesCorrectly" duration-ms="16" started-at="2019-04-29T11:45:03Z" finished-at="2019-04-29T11:45:03Z">
          <reporter-output>
          </reporter-output>
        </test-method> <!-- whenUpdatingEvent_ListUpdatesCorrectly -->
      </class> <!-- dashboard.EventRepositoryTest -->
    </test> <!-- Default test -->
  </suite> <!-- Default suite -->
</testng-results>
